[2023-05-30 09:39:40] local.INFO: ExchangeBuyListener  
[2023-05-30 09:42:56] local.ERROR: [Illuminate\Database\QueryException] SQLSTATE[42S22]: Column not found: 1054 Unknown column 'uid' in 'where clause' (SQL: select count(*) as aggregate from `recharge_manual` where (`id` like %862391% or `uid` like %862391%) and `recharge_manual`.`deleted_at` is null), called in vendor/laravel/framework/src/Illuminate/Database/Connection.php(669)
#0 vendor/laravel/framework/src/Illuminate/Database/Connection.php(629): Illuminate/Database/Connection->runQueryCallback('select count(*)...', Array, Object(Closure))
#1 vendor/laravel/framework/src/Illuminate/Database/Connection.php(338): Illuminate/Database/Connection->run('select count(*)...', Array, Object(Closure))
#2 vendor/laravel/framework/src/Illuminate/Database/Query/Builder.php(2159): Illuminate/Database/Connection->select('select count(*)...', Array, true)
#3 vendor/laravel/framework/src/Illuminate/Database/Query/Builder.php(2147): Illuminate/Database/Query/Builder->runSelect()
#4 vendor/laravel/framework/src/Illuminate/Database/Query/Builder.php(2619): Illuminate/Database/Query/Builder->Illuminate/Database/Query/{closure}()
#5 vendor/laravel/framework/src/Illuminate/Database/Query/Builder.php(2148): Illuminate/Database/Query/Builder->onceWithColumns(Array, Object(Closure))
#6 vendor/laravel/framework/src/Illuminate/Database/Query/Builder.php(2246): Illuminate/Database/Query/Builder->get()
#7 vendor/laravel/framework/src/Illuminate/Database/Query/Builder.php(2217): Illuminate/Database/Query/Builder->runPaginationCountQuery(Array)
#8 vendor/laravel/framework/src/Illuminate/Database/Eloquent/Builder.php(729): Illuminate/Database/Query/Builder->getCountForPagination()
#9 [internal function]: Illuminate/Database/Eloquent/Builder->paginate(20, Array, 'page', 1)
#10 vendor/dcat/laravel-admin/src/Repositories/EloquentRepository.php(168): call_user_func_array(Array, Array)
#11 vendor/laravel/framework/src/Illuminate/Support/Traits/EnumeratesValues.php(176): Dcat/Admin/Repositories/EloquentRepository->Dcat/Admin/Repositories/{closure}(Array, 3)
#12 vendor/dcat/laravel-admin/src/Repositories/EloquentRepository.php(169): Illuminate/Support/Collection->each(Object(Closure))
#13 vendor/dcat/laravel-admin/src/Repositories/Proxy.php(58): Dcat/Admin/Repositories/EloquentRepository->get(Object(Dcat/Admin/Grid/Model))
#14 vendor/dcat/laravel-admin/src/Grid/Model.php(474): Dcat/Admin/Repositories/Proxy->get(Object(Dcat/Admin/Grid/Model))
#15 vendor/dcat/laravel-admin/src/Grid/Model.php(394): Dcat/Admin/Grid/Model->fetch()
#16 vendor/dcat/laravel-admin/src/Grid/Filter.php(645): Dcat/Admin/Grid/Model->buildData(false)
#17 vendor/dcat/laravel-admin/src/Grid/Concerns/HasFilter.php(49): Dcat/Admin/Grid/Filter->execute(false)
#18 vendor/dcat/laravel-admin/src/Grid.php(419): Dcat/Admin/Grid->processFilter(false)
#19 vendor/dcat/laravel-admin/src/Grid.php(944): Dcat/Admin/Grid->build()
#20 vendor/dcat/laravel-admin/src/Support/Helper.php(121): Dcat/Admin/Grid->render()
#21 vendor/dcat/laravel-admin/src/Layout/Column.php(93): Dcat/Admin/Support/Helper::render(Object(Dcat/Admin/Grid))
#22 vendor/dcat/laravel-admin/src/Layout/Row.php(59): Dcat/Admin/Layout/Column->render()
#23 vendor/dcat/laravel-admin/src/Layout/Content.php(274): Dcat/Admin/Layout/Row->render()
#24 vendor/dcat/laravel-admin/src/Layout/Content.php(500): Dcat/Admin/Layout/Content->build()
#25 vendor/laravel/framework/src/Illuminate/Http/Response.php(42): Dcat/Admin/Layout/Content->render()
#26 vendor/symfony/http-foundation/Response.php(205): Illuminate/Http/Response->setContent(Object(Dcat/Admin/Layout/Content))
#27 vendor/laravel/framework/src/Illuminate/Routing/Router.php(749): Symfony/Component/HttpFoundation/Response->__construct(Object(Dcat/Admin/Layout/Content), 200, Array)
#28 vendor/laravel/framework/src/Illuminate/Routing/Router.php(721): Illuminate/Routing/Router::toResponse(Object(Illuminate/Http/Request), Object(Dcat/Admin/Layout/Content))
#29 vendor/laravel/framework/src/Illuminate/Routing/Router.php(681): Illuminate/Routing/Router->prepareResponse(Object(Illuminate/Http/Request), Object(Dcat/Admin/Layout/Content))
#30 vendor/laravel/framework/src/Illuminate/Pipeline/Pipeline.php(130): Illuminate/Routing/Router->Illuminate/Routing/{closure}(Object(Illuminate/Http/Request))
#31 vendor/dcat/laravel-admin/src/Middleware/WebUploader.php(21): Illuminate/Pipeline/Pipeline->Illuminate/Pipeline/{closure}(Object(Illuminate/Http/Request))
#32 vendor/laravel/framework/src/Illuminate/Pipeline/Pipeline.php(171): Dcat/Admin/Middleware/WebUploader->handle(Object(Illuminate/Http/Request), Object(Closure))
#33 vendor/dcat/laravel-admin/src/Middleware/Session.php(19): Illuminate/Pipeline/Pipeline->Illuminate/Pipeline/{closure}(Object(Illuminate/Http/Request))
#34 vendor/laravel/framework/src/Illuminate/Pipeline/Pipeline.php(171): Dcat/Admin/Middleware/Session->handle(Object(Illuminate/Http/Request), Object(Closure))
#35 vendor/dcat/laravel-admin/src/Middleware/Permission.php(48): Illuminate/Pipeline/Pipeline->Illuminate/Pipeline/{closure}(Object(Illuminate/Http/Request))
#36 vendor/laravel/framework/src/Illuminate/Pipeline/Pipeline.php(171): Dcat/Admin/Middleware/Permission->handle(Object(Illuminate/Http/Request), Object(Closure))
#37 vendor/dcat/laravel-admin/src/Middleware/Bootstrap.php(19): Illuminate/Pipeline/Pipeline->Illuminate/Pipeline/{closure}(Object(Illuminate/Http/Request))
#38 vendor/laravel/framework/src/Illuminate/Pipeline/Pipeline.php(171): Dcat/Admin/Middleware/Bootstrap->handle(Object(Illuminate/Http/Request), Object(Closure))
#39 vendor/dcat/laravel-admin/src/Middleware/LogOperation.php(41): Illuminate/Pipeline/Pipeline->Illuminate/Pipeline/{closure}(Object(Illuminate/Http/Request))
#40 vendor/laravel/framework/src/Illuminate/Pipeline/Pipeline.php(171): Dcat/Admin/Middleware/LogOperation->handle(Object(Illuminate/Http/Request), Object(Closure))
#41 vendor/dcat/laravel-admin/src/Middleware/Pjax.php(24): Illuminate/Pipeline/Pipeline->Illuminate/Pipeline/{closure}(Object(Illuminate/Http/Request))
#42 vendor/laravel/framework/src/Illuminate/Pipeline/Pipeline.php(171): Dcat/Admin/Middleware/Pjax->handle(Object(Illuminate/Http/Request), Object(Closure))
#43 vendor/dcat/laravel-admin/src/Middleware/Authenticate.php(27): Illuminate/Pipeline/Pipeline->Illuminate/Pipeline/{closure}(Object(Illuminate/Http/Request))
#44 vendor/laravel/framework/src/Illuminate/Pipeline/Pipeline.php(171): Dcat/Admin/Middleware/Authenticate->handle(Object(Illuminate/Http/Request), Object(Closure))
#45 vendor/laravel/framework/src/Illuminate/Routing/Middleware/SubstituteBindings.php(41): Illuminate/Pipeline/Pipeline->Illuminate/Pipeline/{closure}(Object(Illuminate/Http/Request))
#46 vendor/laravel/framework/src/Illuminate/Pipeline/Pipeline.php(171): Illuminate/Routing/Middleware/SubstituteBindings->handle(Object(Illuminate/Http/Request), Object(Closure))
#47 vendor/laravel/framework/src/Illuminate/Foundation/Http/Middleware/VerifyCsrfToken.php(78): Illuminate/Pipeline/Pipeline->Illuminate/Pipeline/{closure}(Object(Illuminate/Http/Request))
#48 vendor/laravel/framework/src/Illuminate/Pipeline/Pipeline.php(171): Illuminate/Foundation/Http/Middleware/VerifyCsrfToken->handle(Object(Illuminate/Http/Request), Object(Closure))
#49 vendor/laravel/framework/src/Illuminate/View/Middleware/ShareErrorsFromSession.php(49): Illuminate/Pipeline/Pipeline->Illuminate/Pipeline/{closure}(Object(Illuminate/Http/Request))
#50 vendor/laravel/framework/src/Illuminate/Pipeline/Pipeline.php(171): Illuminate/View/Middleware/ShareErrorsFromSession->handle(Object(Illuminate/Http/Request), Object(Closure))
#51 vendor/laravel/framework/src/Illuminate/Session/Middleware/StartSession.php(56): Illuminate/Pipeline/Pipeline->Illuminate/Pipeline/{closure}(Object(Illuminate/Http/Request))
#52 vendor/laravel/framework/src/Illuminate/Pipeline/Pipeline.php(171): Illuminate/Session/Middleware/StartSession->handle(Object(Illuminate/Http/Request), Object(Closure))
#53 vendor/laravel/framework/src/Illuminate/Cookie/Middleware/AddQueuedCookiesToResponse.php(37): Illuminate/Pipeline/Pipeline->Illuminate/Pipeline/{closure}(Object(Illuminate/Http/Request))
#54 vendor/laravel/framework/src/Illuminate/Pipeline/Pipeline.php(171): Illuminate/Cookie/Middleware/AddQueuedCookiesToResponse->handle(Object(Illuminate/Http/Request), Object(Closure))
#55 vendor/laravel/framework/src/Illuminate/Cookie/Middleware/EncryptCookies.php(67): Illuminate/Pipeline/Pipeline->Illuminate/Pipeline/{closure}(Object(Illuminate/Http/Request))
#56 vendor/laravel/framework/src/Illuminate/Pipeline/Pipeline.php(171): Illuminate/Cookie/Middleware/EncryptCookies->handle(Object(Illuminate/Http/Request), Object(Closure))
#57 vendor/dcat/laravel-admin/src/Middleware/Application.php(15): Illuminate/Pipeline/Pipeline->Illuminate/Pipeline/{closure}(Object(Illuminate/Http/Request))
#58 vendor/laravel/framework/src/Illuminate/Pipeline/Pipeline.php(171): Dcat/Admin/Middleware/Application->handle(Object(Illuminate/Http/Request), Object(Closure), 'admin')
#59 vendor/laravel/framework/src/Illuminate/Pipeline/Pipeline.php(105): Illuminate/Pipeline/Pipeline->Illuminate/Pipeline/{closure}(Object(Illuminate/Http/Request))
#60 vendor/laravel/framework/src/Illuminate/Routing/Router.php(683): Illuminate/Pipeline/Pipeline->then(Object(Closure))
#61 vendor/laravel/framework/src/Illuminate/Routing/Router.php(658): Illuminate/Routing/Router->runRouteWithinStack(Object(Illuminate/Routing/Route), Object(Illuminate/Http/Request))
#62 vendor/laravel/framework/src/Illuminate/Routing/Router.php(624): Illuminate/Routing/Router->runRoute(Object(Illuminate/Http/Request), Object(Illuminate/Routing/Route))
#63 vendor/laravel/framework/src/Illuminate/Routing/Router.php(613): Illuminate/Routing/Router->dispatchToRoute(Object(Illuminate/Http/Request))
#64 vendor/laravel/framework/src/Illuminate/Foundation/Http/Kernel.php(170): Illuminate/Routing/Router->dispatch(Object(Illuminate/Http/Request))
#65 vendor/laravel/framework/src/Illuminate/Pipeline/Pipeline.php(130): Illuminate/Foundation/Http/Kernel->Illuminate/Foundation/Http/{closure}(Object(Illuminate/Http/Request))
#66 app/Http/Middleware/LogLastUserActivity.php(25): Illuminate/Pipeline/Pipeline->Illuminate/Pipeline/{closure}(Object(Illuminate/Http/Request))
#67 vendor/laravel/framework/src/Illuminate/Pipeline/Pipeline.php(171): App/Http/Middleware/LogLastUserActivity->handle(Object(Illuminate/Http/Request), Object(Closure))
#68 app/Http/Middleware/SetLang.php(98): Illuminate/Pipeline/Pipeline->Illuminate/Pipeline/{closure}(Object(Illuminate/Http/Request))
#69 vendor/laravel/framework/src/Illuminate/Pipeline/Pipeline.php(171): App/Http/Middleware/SetLang->handle(Object(Illuminate/Http/Request), Object(Closure))
#70 vendor/fruitcake/laravel-cors/src/HandleCors.php(38): Illuminate/Pipeline/Pipeline->Illuminate/Pipeline/{closure}(Object(Illuminate/Http/Request))
#71 vendor/laravel/framework/src/Illuminate/Pipeline/Pipeline.php(171): Fruitcake/Cors/HandleCors->handle(Object(Illuminate/Http/Request), Object(Closure))
#72 vendor/laravel/framework/src/Illuminate/Foundation/Http/Middleware/TransformsRequest.php(21): Illuminate/Pipeline/Pipeline->Illuminate/Pipeline/{closure}(Object(Illuminate/Http/Request))
#73 vendor/laravel/framework/src/Illuminate/Pipeline/Pipeline.php(171): Illuminate/Foundation/Http/Middleware/TransformsRequest->handle(Object(Illuminate/Http/Request), Object(Closure))
#74 vendor/laravel/framework/src/Illuminate/Foundation/Http/Middleware/TransformsRequest.php(21): Illuminate/Pipeline/Pipeline->Illuminate/Pipeline/{closure}(Object(Illuminate/Http/Request))
#75 vendor/laravel/framework/src/Illuminate/Pipeline/Pipeline.php(171): Illuminate/Foundation/Http/Middleware/TransformsRequest->handle(Object(Illuminate/Http/Request), Object(Closure))
#76 vendor/laravel/framework/src/Illuminate/Foundation/Http/Middleware/ValidatePostSize.php(27): Illuminate/Pipeline/Pipeline->Illuminate/Pipeline/{closure}(Object(Illuminate/Http/Request))
#77 vendor/laravel/framework/src/Illuminate/Pipeline/Pipeline.php(171): Illuminate/Foundation/Http/Middleware/ValidatePostSize->handle(Object(Illuminate/Http/Request), Object(Closure))
#78 vendor/laravel/framework/src/Illuminate/Foundation/Http/Middleware/CheckForMaintenanceMode.php(63): Illuminate/Pipeline/Pipeline->Illuminate/Pipeline/{closure}(Object(Illuminate/Http/Request))
#79 vendor/laravel/framework/src/Illuminate/Pipeline/Pipeline.php(171): Illuminate/Foundation/Http/Middleware/CheckForMaintenanceMode->handle(Object(Illuminate/Http/Request), Object(Closure))
#80 vendor/fideloper/proxy/src/TrustProxies.php(57): Illuminate/Pipeline/Pipeline->Illuminate/Pipeline/{closure}(Object(Illuminate/Http/Request))
#81 vendor/laravel/framework/src/Illuminate/Pipeline/Pipeline.php(171): Fideloper/Proxy/TrustProxies->handle(Object(Illuminate/Http/Request), Object(Closure))
#82 vendor/dingo/api/src/Http/Middleware/Request.php(111): Illuminate/Pipeline/Pipeline->Illuminate/Pipeline/{closure}(Object(Illuminate/Http/Request))
#83 vendor/laravel/framework/src/Illuminate/Pipeline/Pipeline.php(171): Dingo/Api/Http/Middleware/Request->handle(Object(Illuminate/Http/Request), Object(Closure))
#84 vendor/laravel/framework/src/Illuminate/Pipeline/Pipeline.php(105): Illuminate/Pipeline/Pipeline->Illuminate/Pipeline/{closure}(Object(Illuminate/Http/Request))
#85 vendor/laravel/framework/src/Illuminate/Foundation/Http/Kernel.php(145): Illuminate/Pipeline/Pipeline->then(Object(Closure))
#86 vendor/laravel/framework/src/Illuminate/Foundation/Http/Kernel.php(110): Illuminate/Foundation/Http/Kernel->sendRequestThroughRouter(Object(Illuminate/Http/Request))
#87 public/index.php(56): Illuminate/Foundation/Http/Kernel->handle(Object(Illuminate/Http/Request))
#88 {main}  
[2023-05-30 09:56:18] local.INFO: ExchangeBuyListener  
[2023-05-30 09:56:52] local.INFO: ExchangeBuyListener  
[2023-05-30 09:57:14] local.INFO: ExchangeBuyListener  
[2023-05-30 21:04:01] local.INFO: option_order_delivery:847  
[2023-05-30 21:04:01] local.INFO: 奖励金额：74193.68盈利金额11317.68本金62876  
[2023-05-30 10:43:40] local.INFO: ExchangeSellListener  
[2023-05-30 10:43:40] local.INFO: ExchangeSellListener  
[2023-05-30 10:43:40] local.INFO: ExchangeSellListener  
[2023-05-30 10:43:40] local.INFO: ExchangeSellListener  
